\BOOKMARK [0][-]{chapter.1}{Introduction}{}% 1
\BOOKMARK [0][-]{chapter.2}{Datasets description}{}% 2
\BOOKMARK [1][-]{section.2.1}{Datos Disponibles}{chapter.2}% 3
\BOOKMARK [2][-]{subsection.2.1.1}{Datos Brutos}{section.2.1}% 4
\BOOKMARK [2][-]{subsection.2.1.2}{Pre-procesado preliminar}{section.2.1}% 5
\BOOKMARK [1][-]{section.2.2}{Separaci\363n de datos con Heater}{chapter.2}% 6
\BOOKMARK [1][-]{section.2.3}{Conclusion}{chapter.2}% 7
\BOOKMARK [0][-]{chapter.3}{External Climate Variables prediction}{}% 8
\BOOKMARK [1][-]{section.3.1}{Datos disponibles en API libres}{chapter.3}% 9
\BOOKMARK [1][-]{section.3.2}{Predicci\363n local mediante los datos de Sysclima}{chapter.3}% 10
\BOOKMARK [1][-]{section.3.3}{Radiaci\363n Externa}{chapter.3}% 11
\BOOKMARK [0][-]{chapter.4}{Current Controls Law}{}% 12
\BOOKMARK [1][-]{section.4.1}{Pantalla de Sombreo}{chapter.4}% 13
\BOOKMARK [0][-]{chapter.5}{Inndoor Climate Model}{}% 14
\BOOKMARK [1][-]{section.5.1}{Inner temperature Modelling}{chapter.5}% 15
\BOOKMARK [2][-]{subsection.5.1.1}{Modelos }{section.5.1}% 16
\BOOKMARK [0][-]{chapter.6}{Crop Model}{}% 17
\BOOKMARK [1][-]{section.6.1}{Variables Description}{chapter.6}% 18
\BOOKMARK [2][-]{subsection.6.1.1}{Input Variables}{section.6.1}% 19
\BOOKMARK [2][-]{subsection.6.1.2}{State Variables}{section.6.1}% 20
\BOOKMARK [2][-]{subsection.6.1.3}{Measurements Variables}{section.6.1}% 21
\BOOKMARK [1][-]{section.6.2}{Mathematical relations}{chapter.6}% 22
\BOOKMARK [2][-]{subsection.6.2.1}{Relation of Daily Radiation and PAR}{section.6.2}% 23
\BOOKMARK [2][-]{subsection.6.2.2}{Relation LAI and PTI}{section.6.2}% 24
\BOOKMARK [2][-]{subsection.6.2.3}{Relation LAI and FPAR}{section.6.2}% 25
\BOOKMARK [2][-]{subsection.6.2.4}{Relation: FPAR \046 PTT}{section.6.2}% 26
\BOOKMARK [1][-]{section.6.3}{Metabolical effects by climate variables}{chapter.6}% 27
\BOOKMARK [2][-]{subsection.6.3.1}{Inhibici\363n de crecimiento por Temperatura}{section.6.3}% 28
\BOOKMARK [1][-]{section.6.4}{Dinamical Models}{chapter.6}% 29
\BOOKMARK [0][-]{chapter.7}{Data Pre-procesing }{}% 30
\BOOKMARK [1][-]{section.7.1}{Test and Train Trayectories }{chapter.7}% 31
\BOOKMARK [1][-]{section.7.2}{Obtenci\363n de Se\361al de clima con la m\355nima composici\363n harm\363nica}{chapter.7}% 32
\BOOKMARK [1][-]{section.7.3}{Selecci\363n de sesiones de cultivo}{chapter.7}% 33
\BOOKMARK [0][-]{chapter.8}{Validation of Temperature Models}{}% 34
\BOOKMARK [1][-]{section.8.1}{Descripci\363n de medidas disponibles }{chapter.8}% 35
\BOOKMARK [1][-]{section.8.2}{Obtenci\363n de Se\361al de clima con la m\355nima composici\363n harm\363nica}{chapter.8}% 36
\BOOKMARK [1][-]{section.8.3}{Selecci\363n de sesiones de cultivo}{chapter.8}% 37
\BOOKMARK [0][-]{chapter.9}{Validation of Crop Models}{}% 38
\BOOKMARK [0][-]{chapter.10}{Conclusions}{}% 39
\BOOKMARK [0][-]{appendix.A}{Parameters}{}% 40
